2025-08-13T08:38:04.421Z 	 info: Azurite Blob service is starting on 127.0.0.1:10000
2025-08-13T08:38:04.422Z 	 info: AccountDataStore:init() Refresh accounts from environment variable AZURITE_ACCOUNTS with value undefined
2025-08-13T08:38:04.422Z 	 info: AccountDataStore:init() Fallback to default emulator account devstoreaccount1.
2025-08-13T08:38:04.451Z 	 info: BlobGCManager:start() Starting BlobGCManager. Set status to Initializing.
2025-08-13T08:38:04.452Z 	 info: BlobGCManager:start() Trigger mark and sweep loop. Set status to Running.
2025-08-13T08:38:04.452Z 	 info: BlobGCManager:markSweepLoop() Start next mark and sweep.
2025-08-13T08:38:04.452Z 	 info: BlobGCManager:markSweep() Get all extents.
2025-08-13T08:38:04.453Z 	 info: BlobGCManager:start() BlobGCManager successfully started.
2025-08-13T08:38:04.454Z 	 info: BlobGCManager:markSweep() Got 0 extents.
2025-08-13T08:38:04.454Z 	 info: BlobGCManager:markSweep() Get referred extents.
2025-08-13T08:38:04.455Z 	 info: BlobGCManager:markSweep() Got referred extents, unreferenced extents count is 0.
2025-08-13T08:38:04.455Z 	 info: BlobGCManager:markSweepLoop() Mark and sweep finished, taken 3ms.
2025-08-13T08:38:04.455Z 	 info: BlobGCManager:markSweepLoop() Sleep for 600000ms.
2025-08-13T08:38:04.456Z 	 info: Azurite Blob service successfully listens on http://127.0.0.1:10000
2025-08-13T08:38:04.456Z 	 info: Azurite Queue service is starting on 127.0.0.1:10001
2025-08-13T08:38:04.456Z 	 info: AccountDataStore:init() Refresh accounts from environment variable AZURITE_ACCOUNTS with value undefined
2025-08-13T08:38:04.457Z 	 info: AccountDataStore:init() Fallback to default emulator account devstoreaccount1.
2025-08-13T08:38:04.491Z 	 info: QueueGCManager:start() Starting QueueGCManager, set status to Initializing
2025-08-13T08:38:04.492Z 	 info: QueueGCManager:start() Trigger mark and sweep loop, set status to Running.
2025-08-13T08:38:04.492Z 	 info: QueueGCManager:markSweepLoop() Start new mark and sweep.
2025-08-13T08:38:04.492Z 	 info: QueueGCManger:markSweep() Get all extents.
2025-08-13T08:38:04.492Z 	 info: QueueGCManager:start() QueueGCManager successfully started.
2025-08-13T08:38:04.492Z 	 info: QueueGCManager:marksweep() Get 0 extents.
2025-08-13T08:38:04.492Z 	 info: QueueGCManager:markSweep() Get referred extents, then remove from allExtents.
2025-08-13T08:38:04.492Z 	 info: QueueGCManager:markSweep() Got referred extents, unreferenced extents count is 0.
2025-08-13T08:38:04.492Z 	 info: QueueGCManager:markSweepLoop() Mark and sweep finished, take 0ms.
2025-08-13T08:38:04.492Z 	 info: QueueGCManager:markSweepLoop() Sleep for 60000
2025-08-13T08:38:04.493Z 	 info: Azurite Queue service successfully listens on http://127.0.0.1:10001
2025-08-13T08:38:04.493Z 	 info: Azurite Table service is starting on 127.0.0.1:10002
2025-08-13T08:38:04.493Z 	 info: AccountDataStore:init() Refresh accounts from environment variable AZURITE_ACCOUNTS with value undefined
2025-08-13T08:38:04.493Z 	 info: AccountDataStore:init() Fallback to default emulator account devstoreaccount1.
2025-08-13T08:38:04.502Z 	 info: Azurite Table service successfully listens on http://127.0.0.1:10002
2025-08-13T08:38:04.508Z 	 info: InstaceID abc63bf0-53ce-4d33-ac04-74a1a66aa633, SessionID 2e25dd18-2729-47b7-a65a-f54c0cd37a7f.
2025-08-13T08:38:04.529Z 	 info: Telemetry initialize successfully.
2025-08-13T08:38:04.532Z 	 verbose: Send start telemetry
2025-08-13T08:39:04.425Z 	 info: AccountDataStore:init() Refresh accounts from environment variable AZURITE_ACCOUNTS with value undefined
2025-08-13T08:39:04.425Z 	 info: AccountDataStore:init() Fallback to default emulator account devstoreaccount1.
2025-08-13T08:39:04.453Z 	 info: AccountDataStore:init() Refresh accounts from environment variable AZURITE_ACCOUNTS with value undefined
2025-08-13T08:39:04.454Z 	 info: AccountDataStore:init() Fallback to default emulator account devstoreaccount1.
2025-08-13T08:39:04.489Z 	 info: QueueGCManager:markSweepLoop() Start new mark and sweep.
2025-08-13T08:39:04.489Z 	 info: QueueGCManger:markSweep() Get all extents.
2025-08-13T08:39:04.490Z 	 info: QueueGCManager:marksweep() Get 0 extents.
2025-08-13T08:39:04.490Z 	 info: QueueGCManager:markSweep() Get referred extents, then remove from allExtents.
2025-08-13T08:39:04.490Z 	 info: QueueGCManager:markSweep() Got referred extents, unreferenced extents count is 0.
2025-08-13T08:39:04.490Z 	 info: QueueGCManager:markSweepLoop() Mark and sweep finished, take 1ms.
2025-08-13T08:39:04.490Z 	 info: QueueGCManager:markSweepLoop() Sleep for 60000
2025-08-13T08:39:04.490Z 	 info: AccountDataStore:init() Refresh accounts from environment variable AZURITE_ACCOUNTS with value undefined
2025-08-13T08:39:04.490Z 	 info: AccountDataStore:init() Fallback to default emulator account devstoreaccount1.
2025-08-13T08:40:04.426Z 	 info: AccountDataStore:init() Refresh accounts from environment variable AZURITE_ACCOUNTS with value undefined
2025-08-13T08:40:04.426Z 	 info: AccountDataStore:init() Fallback to default emulator account devstoreaccount1.
2025-08-13T08:40:04.450Z 	 info: AccountDataStore:init() Refresh accounts from environment variable AZURITE_ACCOUNTS with value undefined
2025-08-13T08:40:04.450Z 	 info: AccountDataStore:init() Fallback to default emulator account devstoreaccount1.
2025-08-13T08:40:04.486Z 	 info: QueueGCManager:markSweepLoop() Start new mark and sweep.
2025-08-13T08:40:04.486Z 	 info: QueueGCManger:markSweep() Get all extents.
2025-08-13T08:40:04.487Z 	 info: QueueGCManager:marksweep() Get 0 extents.
2025-08-13T08:40:04.487Z 	 info: QueueGCManager:markSweep() Get referred extents, then remove from allExtents.
2025-08-13T08:40:04.487Z 	 info: QueueGCManager:markSweep() Got referred extents, unreferenced extents count is 0.
2025-08-13T08:40:04.487Z 	 info: QueueGCManager:markSweepLoop() Mark and sweep finished, take 1ms.
2025-08-13T08:40:04.487Z 	 info: QueueGCManager:markSweepLoop() Sleep for 60000
2025-08-13T08:40:04.487Z 	 info: AccountDataStore:init() Refresh accounts from environment variable AZURITE_ACCOUNTS with value undefined
2025-08-13T08:40:04.487Z 	 info: AccountDataStore:init() Fallback to default emulator account devstoreaccount1.
2025-08-13T08:41:04.428Z 	 info: AccountDataStore:init() Refresh accounts from environment variable AZURITE_ACCOUNTS with value undefined
2025-08-13T08:41:04.428Z 	 info: AccountDataStore:init() Fallback to default emulator account devstoreaccount1.
2025-08-13T08:41:04.447Z 	 info: AccountDataStore:init() Refresh accounts from environment variable AZURITE_ACCOUNTS with value undefined
2025-08-13T08:41:04.447Z 	 info: AccountDataStore:init() Fallback to default emulator account devstoreaccount1.
2025-08-13T08:41:04.484Z 	 info: QueueGCManager:markSweepLoop() Start new mark and sweep.
2025-08-13T08:41:04.484Z 	 info: QueueGCManger:markSweep() Get all extents.
2025-08-13T08:41:04.484Z 	 info: QueueGCManager:marksweep() Get 0 extents.
2025-08-13T08:41:04.484Z 	 info: QueueGCManager:markSweep() Get referred extents, then remove from allExtents.
2025-08-13T08:41:04.484Z 	 info: QueueGCManager:markSweep() Got referred extents, unreferenced extents count is 0.
2025-08-13T08:41:04.484Z 	 info: QueueGCManager:markSweepLoop() Mark and sweep finished, take 0ms.
2025-08-13T08:41:04.484Z 	 info: QueueGCManager:markSweepLoop() Sleep for 60000
2025-08-13T08:41:04.484Z 	 info: AccountDataStore:init() Refresh accounts from environment variable AZURITE_ACCOUNTS with value undefined
2025-08-13T08:41:04.484Z 	 info: AccountDataStore:init() Fallback to default emulator account devstoreaccount1.
2025-08-13T08:42:04.427Z 	 info: AccountDataStore:init() Refresh accounts from environment variable AZURITE_ACCOUNTS with value undefined
2025-08-13T08:42:04.427Z 	 info: AccountDataStore:init() Fallback to default emulator account devstoreaccount1.
2025-08-13T08:42:04.441Z 	 info: AccountDataStore:init() Refresh accounts from environment variable AZURITE_ACCOUNTS with value undefined
2025-08-13T08:42:04.441Z 	 info: AccountDataStore:init() Fallback to default emulator account devstoreaccount1.
2025-08-13T08:42:04.479Z 	 info: QueueGCManager:markSweepLoop() Start new mark and sweep.
2025-08-13T08:42:04.479Z 	 info: QueueGCManger:markSweep() Get all extents.
2025-08-13T08:42:04.479Z 	 info: QueueGCManager:marksweep() Get 0 extents.
2025-08-13T08:42:04.479Z 	 info: QueueGCManager:markSweep() Get referred extents, then remove from allExtents.
2025-08-13T08:42:04.480Z 	 info: QueueGCManager:markSweep() Got referred extents, unreferenced extents count is 0.
2025-08-13T08:42:04.480Z 	 info: QueueGCManager:markSweepLoop() Mark and sweep finished, take 1ms.
2025-08-13T08:42:04.480Z 	 info: QueueGCManager:markSweepLoop() Sleep for 60000
2025-08-13T08:42:04.480Z 	 info: AccountDataStore:init() Refresh accounts from environment variable AZURITE_ACCOUNTS with value undefined
2025-08-13T08:42:04.480Z 	 info: AccountDataStore:init() Fallback to default emulator account devstoreaccount1.
